This file contains any messages produced by compilers while
running configure, to aid debugging if configure makes a mistake.

It was created by configure, which was
generated by GNU Autoconf 2.69.  Invocation command line was

  $ ./configure 

## --------- ##
## Platform. ##
## --------- ##

hostname = DESKTOP-F0I971O
uname -m = x86_64
uname -r = 4.4.0-19041-Microsoft
uname -s = Linux
uname -v = #1-Microsoft Fri Dec 06 14:06:00 PST 2019

/usr/bin/uname -p = x86_64
/bin/uname -X     = unknown

/bin/arch              = x86_64
/usr/bin/arch -k       = unknown
/usr/convex/getsysinfo = unknown
/usr/bin/hostinfo      = unknown
/bin/machine           = unknown
/usr/bin/oslevel       = unknown
/bin/universe          = unknown

PATH: /home/albert/.opam/default/bin
PATH: /usr/local/sbin
PATH: /usr/local/bin
PATH: /usr/sbin
PATH: /usr/bin
PATH: /sbin
PATH: /bin
PATH: /usr/games
PATH: /usr/local/games
PATH: /mnt/c/Program Files/WindowsApps/CanonicalGroupLimited.UbuntuonWindows_2004.2020.424.0_x64__79rhkp1fndgsc
PATH: /mnt/c/Windows/system32
PATH: /mnt/c/Windows
PATH: /mnt/c/Windows/System32/Wbem
PATH: /mnt/c/Windows/System32/WindowsPowerShell/v1.0/
PATH: /mnt/c/Windows/System32/OpenSSH/
PATH: /mnt/c/Users/happy/AppData/Local/Microsoft/WindowsApps
PATH: /snap/bin


## ----------- ##
## Core tests. ##
## ----------- ##

configure:2267: checking for gcc
configure:2283: found /usr/bin/gcc
configure:2294: result: gcc
configure:2523: checking for C compiler version
configure:2532: gcc --version >&5
gcc (Ubuntu 9.3.0-10ubuntu2) 9.3.0
Copyright (C) 2019 Free Software Foundation, Inc.
This is free software; see the source for copying conditions.  There is NO
warranty; not even for MERCHANTABILITY or FITNESS FOR A PARTICULAR PURPOSE.

configure:2543: $? = 0
configure:2532: gcc -v >&5
Using built-in specs.
COLLECT_GCC=gcc
COLLECT_LTO_WRAPPER=/usr/lib/gcc/x86_64-linux-gnu/9/lto-wrapper
OFFLOAD_TARGET_NAMES=nvptx-none:hsa
OFFLOAD_TARGET_DEFAULT=1
Target: x86_64-linux-gnu
Configured with: ../src/configure -v --with-pkgversion='Ubuntu 9.3.0-10ubuntu2' --with-bugurl=file:///usr/share/doc/gcc-9/README.Bugs --enable-languages=c,ada,c++,go,brig,d,fortran,objc,obj-c++,gm2 --prefix=/usr --with-gcc-major-version-only --program-suffix=-9 --program-prefix=x86_64-linux-gnu- --enable-shared --enable-linker-build-id --libexecdir=/usr/lib --without-included-gettext --enable-threads=posix --libdir=/usr/lib --enable-nls --enable-clocale=gnu --enable-libstdcxx-debug --enable-libstdcxx-time=yes --with-default-libstdcxx-abi=new --enable-gnu-unique-object --disable-vtable-verify --enable-plugin --enable-default-pie --with-system-zlib --with-target-system-zlib=auto --enable-objc-gc=auto --enable-multiarch --disable-werror --with-arch-32=i686 --with-abi=m64 --with-multilib-list=m32,m64,mx32 --enable-multilib --with-tune=generic --enable-offload-targets=nvptx-none,hsa --without-cuda-driver --enable-checking=release --build=x86_64-linux-gnu --host=x86_64-linux-gnu --target=x86_64-linux-gnu
Thread model: posix
gcc version 9.3.0 (Ubuntu 9.3.0-10ubuntu2) 
configure:2543: $? = 0
configure:2532: gcc -V >&5
gcc: error: unrecognized command line option '-V'
gcc: fatal error: no input files
compilation terminated.
configure:2543: $? = 1
configure:2532: gcc -qversion >&5
gcc: error: unrecognized command line option '-qversion'; did you mean '--version'?
gcc: fatal error: no input files
compilation terminated.
configure:2543: $? = 1
configure:2563: checking whether the C compiler works
configure:2585: gcc    conftest.c  >&5
configure:2589: $? = 0
configure:2637: result: yes
configure:2640: checking for C compiler default output file name
configure:2642: result: a.out
configure:2648: checking for suffix of executables
configure:2655: gcc -o conftest    conftest.c  >&5
configure:2659: $? = 0
configure:2681: result: 
configure:2703: checking whether we are cross compiling
configure:2711: gcc -o conftest    conftest.c  >&5
configure:2715: $? = 0
configure:2722: ./conftest
configure:2726: $? = 0
configure:2714: result: no
configure:2719: checking for suffix of object files
configure:2741: gcc -c   conftest.c >&5
configure:2745: $? = 0
configure:2766: result: o
configure:2770: checking whether we are using the GNU C compiler
configure:2789: gcc -c   conftest.c >&5
configure:2789: $? = 0
configure:2798: result: yes
configure:2807: checking whether gcc accepts -g
configure:2827: gcc -c -g  conftest.c >&5
configure:2827: $? = 0
configure:2868: result: yes
configure:2885: checking for gcc option to accept ISO C89
configure:2948: gcc  -c -g -O2  conftest.c >&5
configure:2948: $? = 0
configure:2961: result: none needed
configure:3025: checking for a BSD-compatible install
configure:3093: result: /usr/bin/install -c
configure:3112: checking build system type
configure:3126: result: x86_64-unknown-linux-gnu
configure:3146: checking host system type
configure:3159: result: x86_64-unknown-linux-gnu
configure:3179: checking target system type
configure:3192: result: x86_64-unknown-linux-gnu
configure:3231: checking for msvc cl.exe (optional)
configure:3247: result: not found
configure:3299: checking for ocamlc
configure:3315: found /home/albert/.opam/default/bin/ocamlc
configure:3326: result: ocamlc
configure:3351: result: OCaml version is 4.05.0
configure:3360: result: OCaml library path is /home/albert/.opam/default/lib/ocaml
configure:3410: checking for ocamlopt
configure:3426: found /home/albert/.opam/default/bin/ocamlopt
configure:3437: result: ocamlopt
configure:3520: checking for ocamlc.opt
configure:3536: found /home/albert/.opam/default/bin/ocamlc.opt
configure:3547: result: ocamlc.opt
configure:3624: checking for ocamlopt.opt
configure:3640: found /home/albert/.opam/default/bin/ocamlopt.opt
configure:3651: result: ocamlopt.opt
configure:3733: checking for ocaml
configure:3749: found /home/albert/.opam/default/bin/ocaml
configure:3760: result: ocaml
configure:3827: checking for ocamldep
configure:3843: found /home/albert/.opam/default/bin/ocamldep
configure:3854: result: ocamldep
configure:3921: checking for ocamlmktop
configure:3937: found /home/albert/.opam/default/bin/ocamlmktop
configure:3948: result: ocamlmktop
configure:4015: checking for ocamlmklib
configure:4031: found /home/albert/.opam/default/bin/ocamlmklib
configure:4042: result: ocamlmklib
configure:4109: checking for ocamldoc
configure:4125: found /home/albert/.opam/default/bin/ocamldoc
configure:4136: result: ocamldoc
configure:4203: checking for ocamlbuild
configure:4219: found /home/albert/.opam/default/bin/ocamlbuild
configure:4230: result: ocamlbuild
configure:4305: checking for ocamllex
configure:4321: found /home/albert/.opam/default/bin/ocamllex
configure:4332: result: ocamllex
configure:4398: checking for ocamllex.opt
configure:4414: found /home/albert/.opam/default/bin/ocamllex.opt
configure:4425: result: ocamllex.opt
configure:4500: checking for ocamlyacc
configure:4516: found /home/albert/.opam/default/bin/ocamlyacc
configure:4527: result: ocamlyacc
configure:4600: checking for ocamlfind
configure:4616: found /home/albert/.opam/default/bin/ocamlfind
configure:4627: result: ocamlfind
configure:4700: checking for perl
configure:4716: found /usr/bin/perl
configure:4727: result: perl
configure:4757: checking for gcc version
configure:4765: checking how to run the C preprocessor
configure:4796: gcc -E  conftest.c
configure:4796: $? = 0
configure:4810: gcc -E  conftest.c
conftest.c:9:10: fatal error: ac_nonexistent.h: No such file or directory
    9 | #include <ac_nonexistent.h>
      |          ^~~~~~~~~~~~~~~~~~
compilation terminated.
configure:4810: $? = 1
configure: failed program was:
| /* confdefs.h */
| #define PACKAGE_NAME ""
| #define PACKAGE_TARNAME ""
| #define PACKAGE_VERSION ""
| #define PACKAGE_STRING ""
| #define PACKAGE_BUGREPORT ""
| #define PACKAGE_URL ""
| /* end confdefs.h.  */
| #include <ac_nonexistent.h>
configure:4835: result: gcc -E
configure:4855: gcc -E  conftest.c
configure:4855: $? = 0
configure:4869: gcc -E  conftest.c
conftest.c:9:10: fatal error: ac_nonexistent.h: No such file or directory
    9 | #include <ac_nonexistent.h>
      |          ^~~~~~~~~~~~~~~~~~
compilation terminated.
configure:4869: $? = 1
configure: failed program was:
| /* confdefs.h */
| #define PACKAGE_NAME ""
| #define PACKAGE_TARNAME ""
| #define PACKAGE_VERSION ""
| #define PACKAGE_STRING ""
| #define PACKAGE_BUGREPORT ""
| #define PACKAGE_URL ""
| /* end confdefs.h.  */
| #include <ac_nonexistent.h>
configure:4898: checking for grep that handles long lines and -e
configure:4956: result: /usr/bin/grep
configure:4961: checking for egrep
configure:5023: result: /usr/bin/grep -E
configure:5028: checking for ANSI C header files
configure:5048: gcc -c -g -O2  conftest.c >&5
configure:5048: $? = 0
configure:5121: gcc -o conftest -g -O2   conftest.c  >&5
configure:5121: $? = 0
configure:5121: ./conftest
configure:5121: $? = 0
configure:5132: result: yes
configure:5145: checking for sys/types.h
configure:5145: gcc -c -g -O2  conftest.c >&5
configure:5145: $? = 0
configure:5145: result: yes
configure:5145: checking for sys/stat.h
configure:5145: gcc -c -g -O2  conftest.c >&5
configure:5145: $? = 0
configure:5145: result: yes
configure:5145: checking for stdlib.h
configure:5145: gcc -c -g -O2  conftest.c >&5
configure:5145: $? = 0
configure:5145: result: yes
configure:5145: checking for string.h
configure:5145: gcc -c -g -O2  conftest.c >&5
configure:5145: $? = 0
configure:5145: result: yes
configure:5145: checking for memory.h
configure:5145: gcc -c -g -O2  conftest.c >&5
configure:5145: $? = 0
configure:5145: result: yes
configure:5145: checking for strings.h
configure:5145: gcc -c -g -O2  conftest.c >&5
configure:5145: $? = 0
configure:5145: result: yes
configure:5145: checking for inttypes.h
configure:5145: gcc -c -g -O2  conftest.c >&5
configure:5145: $? = 0
configure:5145: result: yes
configure:5145: checking for stdint.h
configure:5145: gcc -c -g -O2  conftest.c >&5
configure:5145: $? = 0
configure:5145: result: yes
configure:5145: checking for unistd.h
configure:5145: gcc -c -g -O2  conftest.c >&5
configure:5145: $? = 0
configure:5145: result: yes
configure:5157: checking for __builtin_va_list
configure:5157: gcc -c -g -O2  conftest.c >&5
configure:5157: $? = 0
configure:5157: gcc -c -g -O2  conftest.c >&5
conftest.c: In function 'main':
conftest.c:55:32: error: expected expression before ')' token
   55 | if (sizeof ((__builtin_va_list)))
      |                                ^
configure:5157: $? = 1
configure: failed program was:
| /* confdefs.h */
| #define PACKAGE_NAME ""
| #define PACKAGE_TARNAME ""
| #define PACKAGE_VERSION ""
| #define PACKAGE_STRING ""
| #define PACKAGE_BUGREPORT ""
| #define PACKAGE_URL ""
| #define STDC_HEADERS 1
| #define HAVE_SYS_TYPES_H 1
| #define HAVE_SYS_STAT_H 1
| #define HAVE_STDLIB_H 1
| #define HAVE_STRING_H 1
| #define HAVE_MEMORY_H 1
| #define HAVE_STRINGS_H 1
| #define HAVE_INTTYPES_H 1
| #define HAVE_STDINT_H 1
| #define HAVE_UNISTD_H 1
| /* end confdefs.h.  */
| #include <stdio.h>
| #ifdef HAVE_SYS_TYPES_H
| # include <sys/types.h>
| #endif
| #ifdef HAVE_SYS_STAT_H
| # include <sys/stat.h>
| #endif
| #ifdef STDC_HEADERS
| # include <stdlib.h>
| # include <stddef.h>
| #else
| # ifdef HAVE_STDLIB_H
| #  include <stdlib.h>
| # endif
| #endif
| #ifdef HAVE_STRING_H
| # if !defined STDC_HEADERS && defined HAVE_MEMORY_H
| #  include <memory.h>
| # endif
| # include <string.h>
| #endif
| #ifdef HAVE_STRINGS_H
| # include <strings.h>
| #endif
| #ifdef HAVE_INTTYPES_H
| # include <inttypes.h>
| #endif
| #ifdef HAVE_STDINT_H
| # include <stdint.h>
| #endif
| #ifdef HAVE_UNISTD_H
| # include <unistd.h>
| #endif
| int
| main ()
| {
| if (sizeof ((__builtin_va_list)))
| 	    return 0;
|   ;
|   return 0;
| }
configure:5157: result: yes
configure:5164: checking if __thread is a keyword
configure:5170: gcc -c -g -O2  conftest.c >&5
conftest.c:19:1: error: storage class specified for unnamed parameter
   19 | int main(int __thread) { return 0; }
      | ^~~
conftest.c: In function 'main':
conftest.c:19:10: error: parameter name omitted
   19 | int main(int __thread) { return 0; }
      |          ^~~~~~~~~~~~
configure:5170: $? = 1
configure: failed program was:
| /* confdefs.h */
| #define PACKAGE_NAME ""
| #define PACKAGE_TARNAME ""
| #define PACKAGE_VERSION ""
| #define PACKAGE_STRING ""
| #define PACKAGE_BUGREPORT ""
| #define PACKAGE_URL ""
| #define STDC_HEADERS 1
| #define HAVE_SYS_TYPES_H 1
| #define HAVE_SYS_STAT_H 1
| #define HAVE_STDLIB_H 1
| #define HAVE_STRING_H 1
| #define HAVE_MEMORY_H 1
| #define HAVE_STRINGS_H 1
| #define HAVE_INTTYPES_H 1
| #define HAVE_STDINT_H 1
| #define HAVE_UNISTD_H 1
| /* end confdefs.h.  */
| int main(int __thread) { return 0; }
configure:5176: result: true
configure:5181: checking if gcc adds underscores to assembly labels.
configure:5187: gcc -o conftest -g -O2   conftest.c  >&5
/usr/bin/ld: /tmp/ccWrdqKU.o: in function `main':
/home/albert/crest/cil/conftest.c:19: undefined reference to `_main'
collect2: error: ld returned 1 exit status
configure:5187: $? = 1
configure: failed program was:
| /* confdefs.h */
| #define PACKAGE_NAME ""
| #define PACKAGE_TARNAME ""
| #define PACKAGE_VERSION ""
| #define PACKAGE_STRING ""
| #define PACKAGE_BUGREPORT ""
| #define PACKAGE_URL ""
| #define STDC_HEADERS 1
| #define HAVE_SYS_TYPES_H 1
| #define HAVE_SYS_STAT_H 1
| #define HAVE_STDLIB_H 1
| #define HAVE_STRING_H 1
| #define HAVE_MEMORY_H 1
| #define HAVE_STRINGS_H 1
| #define HAVE_INTTYPES_H 1
| #define HAVE_STDINT_H 1
| #define HAVE_UNISTD_H 1
| /* end confdefs.h.  */
| int main() { __asm__("jmp _main"); }
configure:5194: result: false
configure:5202: checking for ANSI C header files
configure:5306: result: yes
configure:5317: checking for stdlib.h
configure:5317: result: yes
configure:5317: checking for strings.h
configure:5317: result: yes
configure:5317: checking sys/time.h usability
configure:5317: gcc -c -g -O2  conftest.c >&5
configure:5317: $? = 0
configure:5317: result: yes
configure:5317: checking sys/time.h presence
configure:5317: gcc -E  conftest.c
configure:5317: $? = 0
configure:5317: result: yes
configure:5317: checking for sys/time.h
configure:5317: result: yes
configure:5317: checking for unistd.h
configure:5317: result: yes
configure:5317: checking wchar.h usability
configure:5317: gcc -c -g -O2  conftest.c >&5
configure:5317: $? = 0
configure:5317: result: yes
configure:5317: checking wchar.h presence
configure:5317: gcc -E  conftest.c
configure:5317: $? = 0
configure:5317: result: yes
configure:5317: checking for wchar.h
configure:5317: result: yes
configure:5317: checking stdbool.h usability
configure:5317: gcc -c -g -O2  conftest.c >&5
configure:5317: $? = 0
configure:5317: result: yes
configure:5317: checking stdbool.h presence
configure:5317: gcc -E  conftest.c
configure:5317: $? = 0
configure:5317: result: yes
configure:5317: checking for stdbool.h
configure:5317: result: yes
configure:5329: checking for an ANSI C-conforming const
configure:5395: gcc -c -g -O2  conftest.c >&5
configure:5395: $? = 0
configure:5402: result: yes
configure:5410: checking for inline
configure:5426: gcc -c -g -O2  conftest.c >&5
configure:5426: $? = 0
configure:5434: result: inline
configure:5452: checking whether time.h and sys/time.h may both be included
configure:5472: gcc -c -g -O2  conftest.c >&5
configure:5472: $? = 0
configure:5479: result: yes
configure:5489: checking for working memcmp
configure:5532: gcc -o conftest -g -O2   conftest.c  >&5
configure:5532: $? = 0
configure:5532: ./conftest
configure:5532: $? = 0
configure:5542: result: yes
configure:5554: checking for mkdir
configure:5554: gcc -o conftest -g -O2   conftest.c  >&5
configure:5554: $? = 0
configure:5554: result: yes
configure:5554: checking for select
configure:5554: gcc -o conftest -g -O2   conftest.c  >&5
configure:5554: $? = 0
configure:5554: result: yes
configure:5554: checking for socket
configure:5554: gcc -o conftest -g -O2   conftest.c  >&5
configure:5554: $? = 0
configure:5554: result: yes
configure:5554: checking for __sysv_signal
configure:5554: gcc -o conftest -g -O2   conftest.c  >&5
configure:5554: $? = 0
configure:5554: result: yes
configure:5566: checking for real definition of size_t
configure:5583: gcc -c -g -O2  conftest.c >&5
conftest.c:38:8: error: conflicting types for 'foo'
   38 | size_t foo(size_t x) { return x; }
      |        ^~~
conftest.c:37:5: note: previous declaration of 'foo' was here
   37 | int foo(int x);
      |     ^~~
configure:5583: $? = 1
configure: failed program was:
| /* confdefs.h */
| #define PACKAGE_NAME ""
| #define PACKAGE_TARNAME ""
| #define PACKAGE_VERSION ""
| #define PACKAGE_STRING ""
| #define PACKAGE_BUGREPORT ""
| #define PACKAGE_URL ""
| #define STDC_HEADERS 1
| #define HAVE_SYS_TYPES_H 1
| #define HAVE_SYS_STAT_H 1
| #define HAVE_STDLIB_H 1
| #define HAVE_STRING_H 1
| #define HAVE_MEMORY_H 1
| #define HAVE_STRINGS_H 1
| #define HAVE_INTTYPES_H 1
| #define HAVE_STDINT_H 1
| #define HAVE_UNISTD_H 1
| #define STDC_HEADERS 1
| #define HAVE_STDLIB_H 1
| #define HAVE_STRINGS_H 1
| #define HAVE_SYS_TIME_H 1
| #define HAVE_UNISTD_H 1
| #define HAVE_WCHAR_H 1
| #define HAVE_STDBOOL_H 1
| #define TIME_WITH_SYS_TIME 1
| #define HAVE_MKDIR 1
| #define HAVE_SELECT 1
| #define HAVE_SOCKET 1
| #define HAVE___SYSV_SIGNAL 1
| /* end confdefs.h.  */
| 
| #include <stddef.h>
| #include <wchar.h>
| /* We define a prototype with one type and the function with
|    another type.  This will result in compilation error
|    unless the types are really identical. */
| int foo(int x);
| size_t foo(size_t x) { return x; }
configure:5602: gcc -c -g -O2  conftest.c >&5
conftest.c:38:8: error: conflicting types for 'foo'
   38 | size_t foo(size_t x) { return x; }
      |        ^~~
conftest.c:37:14: note: previous declaration of 'foo' was here
   37 | unsigned int foo(unsigned int x);
      |              ^~~
configure:5602: $? = 1
configure: failed program was:
| /* confdefs.h */
| #define PACKAGE_NAME ""
| #define PACKAGE_TARNAME ""
| #define PACKAGE_VERSION ""
| #define PACKAGE_STRING ""
| #define PACKAGE_BUGREPORT ""
| #define PACKAGE_URL ""
| #define STDC_HEADERS 1
| #define HAVE_SYS_TYPES_H 1
| #define HAVE_SYS_STAT_H 1
| #define HAVE_STDLIB_H 1
| #define HAVE_STRING_H 1
| #define HAVE_MEMORY_H 1
| #define HAVE_STRINGS_H 1
| #define HAVE_INTTYPES_H 1
| #define HAVE_STDINT_H 1
| #define HAVE_UNISTD_H 1
| #define STDC_HEADERS 1
| #define HAVE_STDLIB_H 1
| #define HAVE_STRINGS_H 1
| #define HAVE_SYS_TIME_H 1
| #define HAVE_UNISTD_H 1
| #define HAVE_WCHAR_H 1
| #define HAVE_STDBOOL_H 1
| #define TIME_WITH_SYS_TIME 1
| #define HAVE_MKDIR 1
| #define HAVE_SELECT 1
| #define HAVE_SOCKET 1
| #define HAVE___SYSV_SIGNAL 1
| /* end confdefs.h.  */
| 
| #include <stddef.h>
| #include <wchar.h>
| /* We define a prototype with one type and the function with
|    another type.  This will result in compilation error
|    unless the types are really identical. */
| unsigned int foo(unsigned int x);
| size_t foo(size_t x) { return x; }
configure:5623: gcc -c -g -O2  conftest.c >&5
conftest.c:38:8: error: conflicting types for 'foo'
   38 | size_t foo(size_t x) { return x; }
      |        ^~~
conftest.c:37:6: note: previous declaration of 'foo' was here
   37 | long foo(long x);
      |      ^~~
configure:5623: $? = 1
configure: failed program was:
| /* confdefs.h */
| #define PACKAGE_NAME ""
| #define PACKAGE_TARNAME ""
| #define PACKAGE_VERSION ""
| #define PACKAGE_STRING ""
| #define PACKAGE_BUGREPORT ""
| #define PACKAGE_URL ""
| #define STDC_HEADERS 1
| #define HAVE_SYS_TYPES_H 1
| #define HAVE_SYS_STAT_H 1
| #define HAVE_STDLIB_H 1
| #define HAVE_STRING_H 1
| #define HAVE_MEMORY_H 1
| #define HAVE_STRINGS_H 1
| #define HAVE_INTTYPES_H 1
| #define HAVE_STDINT_H 1
| #define HAVE_UNISTD_H 1
| #define STDC_HEADERS 1
| #define HAVE_STDLIB_H 1
| #define HAVE_STRINGS_H 1
| #define HAVE_SYS_TIME_H 1
| #define HAVE_UNISTD_H 1
| #define HAVE_WCHAR_H 1
| #define HAVE_STDBOOL_H 1
| #define TIME_WITH_SYS_TIME 1
| #define HAVE_MKDIR 1
| #define HAVE_SELECT 1
| #define HAVE_SOCKET 1
| #define HAVE___SYSV_SIGNAL 1
| /* end confdefs.h.  */
| 
| #include <stddef.h>
| #include <wchar.h>
| /* We define a prototype with one type and the function with
|    another type.  This will result in compilation error
|    unless the types are really identical. */
| long foo(long x);
| size_t foo(size_t x) { return x; }
configure:5642: gcc -c -g -O2  conftest.c >&5
configure:5642: $? = 0
configure:5737: result: unsigned long
configure:5741: checking for real definition of wchar_t
configure:5758: gcc -c -g -O2  conftest.c >&5
configure:5758: $? = 0
configure:5912: result: int
configure:6084: checking whether to use CIL feature blockinggraph
configure:6091: result: no
configure:6084: checking whether to use CIL feature zrapp
configure:6091: result: no
configure:6084: checking whether to use CIL feature llvm
configure:6091: result: no
configure:6303: creating ./config.status

## ---------------------- ##
## Running config.status. ##
## ---------------------- ##

This file was extended by config.status, which was
generated by GNU Autoconf 2.69.  Invocation command line was

  CONFIG_FILES    = 
  CONFIG_HEADERS  = 
  CONFIG_LINKS    = 
  CONFIG_COMMANDS = 
  $ ./config.status 

on DESKTOP-F0I971O

config.status:863: creating stamp-h
config.status:863: creating Makefile
config.status:863: creating config.mk
config.status:863: creating lib/App/Cilly/CilConfig.pm
config.status:863: creating src/machdep-ml.c
config.status:863: creating config.h

## ---------------- ##
## Cache variables. ##
## ---------------- ##

ac_cv_build=x86_64-unknown-linux-gnu
ac_cv_c_compiler_gnu=yes
ac_cv_c_const=yes
ac_cv_c_inline=inline
ac_cv_env_CC_set=
ac_cv_env_CC_value=
ac_cv_env_CFLAGS_set=
ac_cv_env_CFLAGS_value=
ac_cv_env_CPPFLAGS_set=
ac_cv_env_CPPFLAGS_value=
ac_cv_env_CPP_set=
ac_cv_env_CPP_value=
ac_cv_env_FORCE_PERL_PREFIX_set=
ac_cv_env_FORCE_PERL_PREFIX_value=
ac_cv_env_LDFLAGS_set=
ac_cv_env_LDFLAGS_value=
ac_cv_env_LIBS_set=
ac_cv_env_LIBS_value=
ac_cv_env_build_alias_set=
ac_cv_env_build_alias_value=
ac_cv_env_host_alias_set=
ac_cv_env_host_alias_value=
ac_cv_env_target_alias_set=
ac_cv_env_target_alias_value=
ac_cv_func___sysv_signal=yes
ac_cv_func_memcmp_working=yes
ac_cv_func_mkdir=yes
ac_cv_func_select=yes
ac_cv_func_socket=yes
ac_cv_header_inttypes_h=yes
ac_cv_header_memory_h=yes
ac_cv_header_stdbool_h=yes
ac_cv_header_stdc=yes
ac_cv_header_stdint_h=yes
ac_cv_header_stdlib_h=yes
ac_cv_header_string_h=yes
ac_cv_header_strings_h=yes
ac_cv_header_sys_stat_h=yes
ac_cv_header_sys_time_h=yes
ac_cv_header_sys_types_h=yes
ac_cv_header_time=yes
ac_cv_header_unistd_h=yes
ac_cv_header_wchar_h=yes
ac_cv_host=x86_64-unknown-linux-gnu
ac_cv_objext=o
ac_cv_path_EGREP='/usr/bin/grep -E'
ac_cv_path_GREP=/usr/bin/grep
ac_cv_path_install='/usr/bin/install -c'
ac_cv_prog_CPP='gcc -E'
ac_cv_prog_ac_ct_CC=gcc
ac_cv_prog_ac_ct_OCAML=ocaml
ac_cv_prog_ac_ct_OCAMLBUILD=ocamlbuild
ac_cv_prog_ac_ct_OCAMLC=ocamlc
ac_cv_prog_ac_ct_OCAMLCDOTOPT=ocamlc.opt
ac_cv_prog_ac_ct_OCAMLDEP=ocamldep
ac_cv_prog_ac_ct_OCAMLDOC=ocamldoc
ac_cv_prog_ac_ct_OCAMLFIND=ocamlfind
ac_cv_prog_ac_ct_OCAMLLEX=ocamllex
ac_cv_prog_ac_ct_OCAMLLEXDOTOPT=ocamllex.opt
ac_cv_prog_ac_ct_OCAMLMKLIB=ocamlmklib
ac_cv_prog_ac_ct_OCAMLMKTOP=ocamlmktop
ac_cv_prog_ac_ct_OCAMLOPT=ocamlopt
ac_cv_prog_ac_ct_OCAMLOPTDOTOPT=ocamlopt.opt
ac_cv_prog_ac_ct_OCAMLYACC=ocamlyacc
ac_cv_prog_ac_ct_PERL=perl
ac_cv_prog_cc_c89=
ac_cv_prog_cc_g=yes
ac_cv_target=x86_64-unknown-linux-gnu
ac_cv_type___builtin_va_list=yes

## ----------------- ##
## Output variables. ##
## ----------------- ##

CC='gcc'
CFLAGS='-g -O2'
CIL_VERSION='1.7.3'
CIL_VERSION_MAJOR='1'
CIL_VERSION_MINOR='7'
CIL_VERSION_REV='3'
CPP='gcc -E'
CPPFLAGS=''
DEFAULT_CIL_MODE='GNUCC'
DEFAULT_COMPILER='_GNUCC'
DEFS='-DHAVE_CONFIG_H'
ECHO_C=''
ECHO_N='-n'
ECHO_T=''
EGREP='/usr/bin/grep -E'
EMUL=''
EXEEXT=''
EXTRAFEATURES=''
EXTRASRCDIRS=''
FORCE_PERL_PREFIX=''
GREP='/usr/bin/grep'
HAS_MSVC='no'
HAVE_BUILTIN_VA_LIST='true'
INSTALL_DATA='${INSTALL} -m 644'
INSTALL_PROGRAM='${INSTALL}'
INSTALL_SCRIPT='${INSTALL}'
LDFLAGS=''
LIBOBJS=''
LIBS=''
LTLIBOBJS=''
OBJEXT='o'
OCAML='ocaml'
OCAMLBEST='opt'
OCAMLBUILD='ocamlbuild'
OCAMLC='ocamlc.opt'
OCAMLCDOTOPT='ocamlc.opt'
OCAMLDEP='ocamldep'
OCAMLDOC='ocamldoc'
OCAMLFIND='ocamlfind'
OCAMLLEX='ocamllex.opt'
OCAMLLEXDOTOPT='ocamllex.opt'
OCAMLLIB='/home/albert/.opam/default/lib/ocaml'
OCAMLMKLIB='ocamlmklib'
OCAMLMKTOP='ocamlmktop'
OCAMLOPT='ocamlopt.opt'
OCAMLOPTDOTOPT='ocamlopt.opt'
OCAMLVERSION='4.05.0'
OCAMLYACC='ocamlyacc'
PACKAGE_BUGREPORT=''
PACKAGE_NAME=''
PACKAGE_STRING=''
PACKAGE_TARNAME=''
PACKAGE_URL=''
PACKAGE_VERSION=''
PATH_SEPARATOR=':'
PERL='perl'
SHELL='/bin/bash'
THREAD_IS_KEYWORD='true'
UNDERSCORE_NAME='false'
ac_ct_CC='gcc'
bindir='${exec_prefix}/bin'
build='x86_64-unknown-linux-gnu'
build_alias=''
build_cpu='x86_64'
build_os='linux-gnu'
build_vendor='unknown'
datadir='${datarootdir}'
datarootdir='${prefix}/share'
docdir='${datarootdir}/doc/${PACKAGE}'
dvidir='${docdir}'
exec_prefix='${prefix}'
host='x86_64-unknown-linux-gnu'
host_alias=''
host_cpu='x86_64'
host_os='linux-gnu'
host_vendor='unknown'
htmldir='${docdir}'
includedir='${prefix}/include'
infodir='${datarootdir}/info'
libdir='${exec_prefix}/lib'
libexecdir='${exec_prefix}/libexec'
localedir='${datarootdir}/locale'
localstatedir='${prefix}/var'
mandir='${datarootdir}/man'
oldincludedir='/usr/include'
pdfdir='${docdir}'
prefix='/usr/local'
program_transform_name='s,x,x,'
psdir='${docdir}'
sbindir='${exec_prefix}/sbin'
sharedstatedir='${prefix}/com'
sysconfdir='${prefix}/etc'
target='x86_64-unknown-linux-gnu'
target_alias=''
target_cpu='x86_64'
target_os='linux-gnu'
target_vendor='unknown'

## ----------- ##
## confdefs.h. ##
## ----------- ##

/* confdefs.h */
#define PACKAGE_NAME ""
#define PACKAGE_TARNAME ""
#define PACKAGE_VERSION ""
#define PACKAGE_STRING ""
#define PACKAGE_BUGREPORT ""
#define PACKAGE_URL ""
#define STDC_HEADERS 1
#define HAVE_SYS_TYPES_H 1
#define HAVE_SYS_STAT_H 1
#define HAVE_STDLIB_H 1
#define HAVE_STRING_H 1
#define HAVE_MEMORY_H 1
#define HAVE_STRINGS_H 1
#define HAVE_INTTYPES_H 1
#define HAVE_STDINT_H 1
#define HAVE_UNISTD_H 1
#define STDC_HEADERS 1
#define HAVE_STDLIB_H 1
#define HAVE_STRINGS_H 1
#define HAVE_SYS_TIME_H 1
#define HAVE_UNISTD_H 1
#define HAVE_WCHAR_H 1
#define HAVE_STDBOOL_H 1
#define TIME_WITH_SYS_TIME 1
#define HAVE_MKDIR 1
#define HAVE_SELECT 1
#define HAVE_SOCKET 1
#define HAVE___SYSV_SIGNAL 1
#define TYPE_SIZE_T "unsigned long"
#define TYPE_WCHAR_T "int"

configure: exit 0

## ---------------------- ##
## Running config.status. ##
## ---------------------- ##

This file was extended by config.status, which was
generated by GNU Autoconf 2.69.  Invocation command line was

  CONFIG_FILES    = 
  CONFIG_HEADERS  = 
  CONFIG_LINKS    = 
  CONFIG_COMMANDS = 
  $ ./config.status --file=_build/cilversion.ml:src/cilversion.ml.in

on DESKTOP-F0I971O

config.status:863: creating _build/cilversion.ml
